<?xml version="1.0" encoding="UTF-8"?>
<testsuite xmlns:xsi="http://www.w3.org/2001/XMLSchema-instance" xsi:noNamespaceSchemaLocation="https://maven.apache.org/surefire/maven-surefire-plugin/xsd/surefire-test-report.xsd" name="ioteg.BuildersTestCase" time="0.18" tests="4" errors="0" skipped="0" failures="0">
  <properties>
[...]
</properties>
  <testcase name="testAttributes1" classname="ioteg.BuildersTestCase" time="0.091"/>
  <testcase name="testEventType1" classname="ioteg.BuildersTestCase" time="0.002"/>
  <testcase name="testEventType2" classname="ioteg.BuildersTestCase" time="0.006"/>
  <testcase name="testSubFields1" classname="ioteg.BuildersTestCase" time="0.001"/>
</testsuite>